<?xml version="1.0" encoding="UTF-8"?>
<testng-results skipped="0" failed="1" ignored="0" total="1" passed="0">
  <reporter-output>
  </reporter-output>
  <suite name="Default suite" duration-ms="42" started-at="2021-04-03T23:57:57 IST" finished-at="2021-04-03T23:57:57 IST">
    <groups>
    </groups>
    <test name="Default test" duration-ms="42" started-at="2021-04-03T23:57:57 IST" finished-at="2021-04-03T23:57:57 IST">
      <class name="com.qa.rest.tests.GetCallBDD">
        <test-method status="FAIL" signature="test_numberOfCircuitsFor2017_Season()[pri:0, instance:com.qa.rest.tests.GetCallBDD@72b6cbcc]" name="test_numberOfCircuitsFor2017_Season" duration-ms="11" started-at="2021-04-03T23:57:57 IST" finished-at="2021-04-03T23:57:57 IST">
          <exception class="java.lang.NoClassDefFoundError">
            <message>
              <![CDATA[groovy/lang/GroovyObject]]>
            </message>
            <full-stacktrace>
              <![CDATA[java.lang.NoClassDefFoundError: groovy/lang/GroovyObject
at java.lang.ClassLoader.defineClass1(Native Method)
at java.lang.ClassLoader.defineClass(ClassLoader.java:757)
at java.security.SecureClassLoader.defineClass(SecureClassLoader.java:142)
at java.net.URLClassLoader.defineClass(URLClassLoader.java:468)
at java.net.URLClassLoader.access$100(URLClassLoader.java:74)
at java.net.URLClassLoader$1.run(URLClassLoader.java:369)
at java.net.URLClassLoader$1.run(URLClassLoader.java:363)
at java.security.AccessController.doPrivileged(Native Method)
at java.net.URLClassLoader.findClass(URLClassLoader.java:362)
at java.lang.ClassLoader.loadClass(ClassLoader.java:419)
at sun.misc.Launcher$AppClassLoader.loadClass(Launcher.java:352)
at java.lang.ClassLoader.loadClass(ClassLoader.java:352)
at io.restassured.RestAssured.<clinit>(RestAssured.java:354)
at com.qa.rest.tests.GetCallBDD.test_numberOfCircuitsFor2017_Season(GetCallBDD.java:19)
at sun.reflect.NativeMethodAccessorImpl.invoke0(Native Method)
at sun.reflect.NativeMethodAccessorImpl.invoke(NativeMethodAccessorImpl.java:62)
at sun.reflect.DelegatingMethodAccessorImpl.invoke(DelegatingMethodAccessorImpl.java:43)
at java.lang.reflect.Method.invoke(Method.java:498)
at org.testng.internal.MethodInvocationHelper.invokeMethod(MethodInvocationHelper.java:132)
at org.testng.internal.TestInvoker.invokeMethod(TestInvoker.java:599)
at org.testng.internal.TestInvoker.invokeTestMethod(TestInvoker.java:174)
at org.testng.internal.MethodRunner.runInSequence(MethodRunner.java:46)
at org.testng.internal.TestInvoker$MethodInvocationAgent.invoke(TestInvoker.java:822)
at org.testng.internal.TestInvoker.invokeTestMethods(TestInvoker.java:147)
at org.testng.internal.TestMethodWorker.invokeTestMethods(TestMethodWorker.java:146)
at org.testng.internal.TestMethodWorker.run(TestMethodWorker.java:128)
at java.util.ArrayList.forEach(ArrayList.java:1259)
at org.testng.TestRunner.privateRun(TestRunner.java:764)
at org.testng.TestRunner.run(TestRunner.java:585)
at org.testng.SuiteRunner.runTest(SuiteRunner.java:384)
at org.testng.SuiteRunner.runSequentially(SuiteRunner.java:378)
at org.testng.SuiteRunner.privateRun(SuiteRunner.java:337)
at org.testng.SuiteRunner.run(SuiteRunner.java:286)
at org.testng.SuiteRunnerWorker.runSuite(SuiteRunnerWorker.java:53)
at org.testng.SuiteRunnerWorker.run(SuiteRunnerWorker.java:96)
at org.testng.TestNG.runSuitesSequentially(TestNG.java:1218)
at org.testng.TestNG.runSuitesLocally(TestNG.java:1140)
at org.testng.TestNG.runSuites(TestNG.java:1069)
at org.testng.TestNG.run(TestNG.java:1037)
at org.testng.remote.AbstractRemoteTestNG.run(AbstractRemoteTestNG.java:115)
at org.testng.remote.RemoteTestNG.initAndRun(RemoteTestNG.java:251)
at org.testng.remote.RemoteTestNG.main(RemoteTestNG.java:77)
Caused by: java.lang.ClassNotFoundException: groovy.lang.GroovyObject
at java.net.URLClassLoader$1.run(URLClassLoader.java:371)
at java.net.URLClassLoader$1.run(URLClassLoader.java:363)
at java.security.AccessController.doPrivileged(Native Method)
at java.net.URLClassLoader.findClass(URLClassLoader.java:362)
at java.lang.ClassLoader.loadClass(ClassLoader.java:419)
at sun.misc.Launcher$AppClassLoader.loadClass(Launcher.java:352)
at java.lang.ClassLoader.loadClass(ClassLoader.java:352)
... 42 more
Caused by: java.util.zip.ZipException: invalid LOC header (bad signature)
at java.util.zip.ZipFile.read(Native Method)
at java.util.zip.ZipFile.access$1400(ZipFile.java:60)
at java.util.zip.ZipFile$ZipFileInputStream.read(ZipFile.java:745)
at java.util.zip.ZipFile$ZipFileInflaterInputStream.fill(ZipFile.java:439)
at java.util.zip.InflaterInputStream.read(InflaterInputStream.java:158)
at java.util.jar.Manifest$FastInputStream.fill(Manifest.java:476)
at java.util.jar.Manifest$FastInputStream.readLine(Manifest.java:410)
at java.util.jar.Manifest$FastInputStream.readLine(Manifest.java:444)
at java.util.jar.Attributes.read(Attributes.java:376)
at java.util.jar.Manifest.read(Manifest.java:234)
at java.util.jar.Manifest.<init>(Manifest.java:81)
at java.util.jar.Manifest.<init>(Manifest.java:73)
at java.util.jar.JarFile.getManifestFromReference(JarFile.java:201)
at java.util.jar.JarFile.getManifest(JarFile.java:182)
at sun.misc.URLClassPath$JarLoader$2.getManifest(URLClassPath.java:992)
at java.net.URLClassLoader.defineClass(URLClassLoader.java:451)
at java.net.URLClassLoader.access$100(URLClassLoader.java:74)
at java.net.URLClassLoader$1.run(URLClassLoader.java:369)
... 48 more
]]>
            </full-stacktrace>
          </exception> <!-- java.lang.NoClassDefFoundError -->
          <reporter-output>
          </reporter-output>
        </test-method> <!-- test_numberOfCircuitsFor2017_Season -->
      </class> <!-- com.qa.rest.tests.GetCallBDD -->
    </test> <!-- Default test -->
  </suite> <!-- Default suite -->
</testng-results>
